<html>
<head>
<title>TestNG:  Default test</title>
<link href="../testng.css" rel="stylesheet" type="text/css" />
<link href="../my-testng.css" rel="stylesheet" type="text/css" />

<style type="text/css">
.log { display: none;} 
.stack-trace { display: none;} 
</style>
<script type="text/javascript">
<!--
function flip(e) {
  current = e.style.display;
  if (current == 'block') {
    e.style.display = 'none';
    return 0;
  }
  else {
    e.style.display = 'block';
    return 1;
  }
}

function toggleBox(szDivId, elem, msg1, msg2)
{
  var res = -1;  if (document.getElementById) {
    res = flip(document.getElementById(szDivId));
  }
  else if (document.all) {
    // this is the way old msie versions work
    res = flip(document.all[szDivId]);
  }
  if(elem) {
    if(res == 0) elem.innerHTML = msg1; else elem.innerHTML = msg2;
  }

}

function toggleAllBoxes() {
  if (document.getElementsByTagName) {
    d = document.getElementsByTagName('div');
    for (i = 0; i < d.length; i++) {
      if (d[i].className == 'log') {
        flip(d[i]);
      }
    }
  }
}

// -->
</script>

</head>
<body>
<h2 align='center'>Default test</h2><table border='1' align="center">
<tr>
<td>Tests passed/Failed/Skipped:</td><td>0/0/1</td>
</tr><tr>
<td>Started on:</td><td>Sat Apr 20 16:25:41 PDT 2013</td>
</tr>
<tr><td>Total time:</td><td>36 seconds (36782 ms)</td>
</tr><tr>
<td>Included groups:</td><td></td>
</tr><tr>
<td>Excluded groups:</td><td></td>
</tr>
</table><p/>
<small><i>(Hover the method name to see the test class name)</i></small><p/>
<table width='100%' border='1' class='invocation-failed'>
<tr><td colspan='4' align='center'><b>FAILED CONFIGURATIONS</b></td></tr>
<tr><td><b>Test method</b></td>
<td width="30%"><b>Exception</b></td>
<td width="10%"><b>Time (seconds)</b></td>
<td><b>Instance</b></td>
</tr>
<tr>
<td title='com.project.automated.framework.sparqlquery.Testcase001SparqlQueryTest.BeforeTest()'><b>BeforeTest</b><br>Test class: com.project.automated.framework.sparqlquery.Testcase001SparqlQueryTest</td>
<td><div><pre>org.openqa.selenium.NoSuchWindowException: Window not found. The browser window may have been closed.
Command duration or timeout: 14 milliseconds
Build info: version: &apos;2.26.0&apos;, revision: &apos;18040&apos;, time: &apos;2012-11-02 09:44:45&apos;
System info: os.name: &apos;Mac OS X&apos;, os.arch: &apos;x86_64&apos;, os.version: &apos;10.7.5&apos;, java.version: &apos;1.6.0_35&apos;
Driver info: driver.version: RemoteWebDriver
Session ID: a7451f5c-bcf8-4a40-aa5d-f57df8f420e2
	at sun.reflect.NativeConstructorAccessorImpl.newInstance0(Native Method)
	at sun.reflect.NativeConstructorAccessorImpl.newInstance(NativeConstructorAccessorImpl.java:39)
	at sun.reflect.DelegatingConstructorAccessorImpl.newInstance(DelegatingConstructorAccessorImpl.java:27)
	at java.lang.reflect.Constructor.newInstance(Constructor.java:513)
	at org.openqa.selenium.remote.ErrorHandler.createThrowable(ErrorHandler.java:188)
	at org.openqa.selenium.remote.ErrorHandler.throwIfResponseFailed(ErrorHandler.java:145)
	at org.openqa.selenium.remote.RemoteWebDriver.execute(RemoteWebDriver.java:531)
	at org.openqa.selenium.remote.RemoteWebDriver.execute(RemoteWebDriver.java:535)
	at org.openqa.selenium.remote.RemoteWebDriver.getTitle(RemoteWebDriver.java:279)
	at com.project.automated.framework.libraries.MethodsLibrary.methodVerifyLoginWebApp(MethodsLibrary.java:335)
	at com.project.automated.framework.superclasses.SuperclassLaunchLoginBuildDatabase.BeforeTest(SuperclassLaunchLoginBuildDatabase.java:74)
	at sun.reflect.NativeMethodAccessorImpl.invoke0(Native Method)
	at sun.reflect.NativeMethodAccessorImpl.invoke(NativeMethodAccessorImpl.java:39)
	at sun.reflect.DelegatingMethodAccessorImpl.invoke(DelegatingMethodAccessorImpl.java:25)
	at java.lang.reflect.Method.invoke(Method.java:597)
	at org.testng.internal.MethodInvocationHelper.invokeMethod(MethodInvocationHelper.java:80)
	at org.testng.internal.Invoker.invokeConfigurationMethod(Invoker.java:564)
	at org.testng.internal.Invoker.invokeConfigurations(Invoker.java:213)
	at org.testng.internal.Invoker.invokeConfigurations(Invoker.java:138)
	at org.testng.TestRunner.beforeRun(TestRunner.java:641)
	at org.testng.TestRunner.run(TestRunner.java:609)
	at org.testng.SuiteRunner.runTest(SuiteRunner.java:334)
	at org.testng.SuiteRunner.runSequentially(SuiteRunner.java:329)
	at org.testng.SuiteRunner.privateRun(SuiteRunner.java:291)
	at org.testng.SuiteRunner.run(SuiteRunner.java:240)
	at org.testng.SuiteRunnerWorker.runSuite(SuiteRunnerWorker.java:52)
	at org.testng.SuiteRunnerWorker.run(SuiteRunnerWorker.java:86)
	at org.testng.TestNG.runSuitesSequentially(TestNG.java:1203)
	at org.testng.TestNG.runSuitesLocally(TestNG.java:1128)
	at org.testng.TestNG.run(TestNG.java:1036)
	at org.testng.remote.RemoteTestNG.run(RemoteTestNG.java:111)
	at org.testng.remote.RemoteTestNG.initAndRun(RemoteTestNG.java:204)
	at org.testng.remote.RemoteTestNG.main(RemoteTestNG.java:175)
Caused by: org.openqa.selenium.remote.ErrorHandler$UnknownServerException: Window not found. The browser window may have been closed.
Build info: version: &apos;2.26.0&apos;, revision: &apos;18040&apos;, time: &apos;2012-11-02 09:44:45&apos;
System info: os.name: &apos;Mac OS X&apos;, os.arch: &apos;x86_64&apos;, os.version: &apos;10.7.5&apos;, java.version: &apos;1.6.0_35&apos;
Driver info: driver.version: unknown
	at &lt;anonymous class&gt;.&lt;anonymous method&gt;(file:///var/folders/c5/5yq5j_tn18g953g1fv52d1nw0000gp/T/anonymous1069246476876541869webdriver-profile/extensions/fxdriver@googlecode.com/components/command_processor.js:10407)
	at &lt;anonymous class&gt;.&lt;anonymous method&gt;(file:///var/folders/c5/5yq5j_tn18g953g1fv52d1nw0000gp/T/anonymous1069246476876541869webdriver-profile/extensions/fxdriver@googlecode.com/components/driver_component.js:7404)
	at &lt;anonymous class&gt;.&lt;anonymous method&gt;(file:///var/folders/c5/5yq5j_tn18g953g1fv52d1nw0000gp/T/anonymous1069246476876541869webdriver-profile/extensions/fxdriver@googlecode.com/components/driver_component.js:7564)
	at &lt;anonymous class&gt;.&lt;anonymous method&gt;(file:///var/folders/c5/5yq5j_tn18g953g1fv52d1nw0000gp/T/anonymous1069246476876541869webdriver-profile/extensions/fxdriver@googlecode.com/components/driver_component.js:7511)
	at &lt;anonymous class&gt;.&lt;anonymous method&gt;(file:///var/folders/c5/5yq5j_tn18g953g1fv52d1nw0000gp/T/anonymous1069246476876541869webdriver-profile/extensions/fxdriver@googlecode.com/components/driver_component.js:10233)
	at &lt;anonymous class&gt;.&lt;anonymous method&gt;(file:///var/folders/c5/5yq5j_tn18g953g1fv52d1nw0000gp/T/anonymous1069246476876541869webdriver-profile/extensions/fxdriver@googlecode.com/components/httpd.js:1935)
	at &lt;anonymous class&gt;.&lt;anonymous method&gt;(file:///var/folders/c5/5yq5j_tn18g953g1fv52d1nw0000gp/T/anonymous1069246476876541869webdriver-profile/extensions/fxdriver@googlecode.com/components/httpd.js:2261)
	at &lt;anonymous class&gt;.&lt;anonymous method&gt;(file:///var/folders/c5/5yq5j_tn18g953g1fv52d1nw0000gp/T/anonymous1069246476876541869webdriver-profile/extensions/fxdriver@googlecode.com/components/httpd.js:1168)
	at &lt;anonymous class&gt;.&lt;anonymous method&gt;(file:///var/folders/c5/5yq5j_tn18g953g1fv52d1nw0000gp/T/anonymous1069246476876541869webdriver-profile/extensions/fxdriver@googlecode.com/components/httpd.js:1616)
	at &lt;anonymous class&gt;.&lt;anonymous method&gt;(file:///var/folders/c5/5yq5j_tn18g953g1fv52d1nw0000gp/T/anonymous1069246476876541869webdriver-profile/extensions/fxdriver@googlecode.com/components/httpd.js:1464)
	at &lt;anonymous class&gt;.&lt;anonymous method&gt;(file:///var/folders/c5/5yq5j_tn18g953g1fv52d1nw0000gp/T/anonymous1069246476876541869webdriver-profile/extensions/fxdriver@googlecode.com/components/httpd.js:1333)
</pre></div><a href='#' onClick='toggleBox("stack-trace259984788", this, "Click to show all stack frames", "Click to hide stack frames")'>Click to show all stack frames</a>
<div class='stack-trace' id='stack-trace259984788'><pre>org.openqa.selenium.NoSuchWindowException: Window not found. The browser window may have been closed.
Command duration or timeout: 14 milliseconds
Build info: version: &apos;2.26.0&apos;, revision: &apos;18040&apos;, time: &apos;2012-11-02 09:44:45&apos;
System info: os.name: &apos;Mac OS X&apos;, os.arch: &apos;x86_64&apos;, os.version: &apos;10.7.5&apos;, java.version: &apos;1.6.0_35&apos;
Driver info: driver.version: RemoteWebDriver
Session ID: a7451f5c-bcf8-4a40-aa5d-f57df8f420e2
	at sun.reflect.NativeConstructorAccessorImpl.newInstance0(Native Method)
	at sun.reflect.NativeConstructorAccessorImpl.newInstance(NativeConstructorAccessorImpl.java:39)
	at sun.reflect.DelegatingConstructorAccessorImpl.newInstance(DelegatingConstructorAccessorImpl.java:27)
	at java.lang.reflect.Constructor.newInstance(Constructor.java:513)
	at org.openqa.selenium.remote.ErrorHandler.createThrowable(ErrorHandler.java:188)
	at org.openqa.selenium.remote.ErrorHandler.throwIfResponseFailed(ErrorHandler.java:145)
	at org.openqa.selenium.remote.RemoteWebDriver.execute(RemoteWebDriver.java:531)
	at org.openqa.selenium.remote.RemoteWebDriver.execute(RemoteWebDriver.java:535)
	at org.openqa.selenium.remote.RemoteWebDriver.getTitle(RemoteWebDriver.java:279)
	at com.project.automated.framework.libraries.MethodsLibrary.methodVerifyLoginWebApp(MethodsLibrary.java:335)
	at com.project.automated.framework.superclasses.SuperclassLaunchLoginBuildDatabase.BeforeTest(SuperclassLaunchLoginBuildDatabase.java:74)
	at sun.reflect.NativeMethodAccessorImpl.invoke0(Native Method)
	at sun.reflect.NativeMethodAccessorImpl.invoke(NativeMethodAccessorImpl.java:39)
	at sun.reflect.DelegatingMethodAccessorImpl.invoke(DelegatingMethodAccessorImpl.java:25)
	at java.lang.reflect.Method.invoke(Method.java:597)
	at org.testng.internal.MethodInvocationHelper.invokeMethod(MethodInvocationHelper.java:80)
	at org.testng.internal.Invoker.invokeConfigurationMethod(Invoker.java:564)
	at org.testng.internal.Invoker.invokeConfigurations(Invoker.java:213)
	at org.testng.internal.Invoker.invokeConfigurations(Invoker.java:138)
	at org.testng.TestRunner.beforeRun(TestRunner.java:641)
	at org.testng.TestRunner.run(TestRunner.java:609)
	at org.testng.SuiteRunner.runTest(SuiteRunner.java:334)
	at org.testng.SuiteRunner.runSequentially(SuiteRunner.java:329)
	at org.testng.SuiteRunner.privateRun(SuiteRunner.java:291)
	at org.testng.SuiteRunner.run(SuiteRunner.java:240)
	at org.testng.SuiteRunnerWorker.runSuite(SuiteRunnerWorker.java:52)
	at org.testng.SuiteRunnerWorker.run(SuiteRunnerWorker.java:86)
	at org.testng.TestNG.runSuitesSequentially(TestNG.java:1203)
	at org.testng.TestNG.runSuitesLocally(TestNG.java:1128)
	at org.testng.TestNG.run(TestNG.java:1036)
	at org.testng.remote.RemoteTestNG.run(RemoteTestNG.java:111)
	at org.testng.remote.RemoteTestNG.initAndRun(RemoteTestNG.java:204)
	at org.testng.remote.RemoteTestNG.main(RemoteTestNG.java:175)
Caused by: org.openqa.selenium.remote.ErrorHandler$UnknownServerException: Window not found. The browser window may have been closed.
Build info: version: &apos;2.26.0&apos;, revision: &apos;18040&apos;, time: &apos;2012-11-02 09:44:45&apos;
System info: os.name: &apos;Mac OS X&apos;, os.arch: &apos;x86_64&apos;, os.version: &apos;10.7.5&apos;, java.version: &apos;1.6.0_35&apos;
Driver info: driver.version: unknown
	at &lt;anonymous class&gt;.&lt;anonymous method&gt;(file:///var/folders/c5/5yq5j_tn18g953g1fv52d1nw0000gp/T/anonymous1069246476876541869webdriver-profile/extensions/fxdriver@googlecode.com/components/command_processor.js:10407)
	at &lt;anonymous class&gt;.&lt;anonymous method&gt;(file:///var/folders/c5/5yq5j_tn18g953g1fv52d1nw0000gp/T/anonymous1069246476876541869webdriver-profile/extensions/fxdriver@googlecode.com/components/driver_component.js:7404)
	at &lt;anonymous class&gt;.&lt;anonymous method&gt;(file:///var/folders/c5/5yq5j_tn18g953g1fv52d1nw0000gp/T/anonymous1069246476876541869webdriver-profile/extensions/fxdriver@googlecode.com/components/driver_component.js:7564)
	at &lt;anonymous class&gt;.&lt;anonymous method&gt;(file:///var/folders/c5/5yq5j_tn18g953g1fv52d1nw0000gp/T/anonymous1069246476876541869webdriver-profile/extensions/fxdriver@googlecode.com/components/driver_component.js:7511)
	at &lt;anonymous class&gt;.&lt;anonymous method&gt;(file:///var/folders/c5/5yq5j_tn18g953g1fv52d1nw0000gp/T/anonymous1069246476876541869webdriver-profile/extensions/fxdriver@googlecode.com/components/driver_component.js:10233)
	at &lt;anonymous class&gt;.&lt;anonymous method&gt;(file:///var/folders/c5/5yq5j_tn18g953g1fv52d1nw0000gp/T/anonymous1069246476876541869webdriver-profile/extensions/fxdriver@googlecode.com/components/httpd.js:1935)
	at &lt;anonymous class&gt;.&lt;anonymous method&gt;(file:///var/folders/c5/5yq5j_tn18g953g1fv52d1nw0000gp/T/anonymous1069246476876541869webdriver-profile/extensions/fxdriver@googlecode.com/components/httpd.js:2261)
	at &lt;anonymous class&gt;.&lt;anonymous method&gt;(file:///var/folders/c5/5yq5j_tn18g953g1fv52d1nw0000gp/T/anonymous1069246476876541869webdriver-profile/extensions/fxdriver@googlecode.com/components/httpd.js:1168)
	at &lt;anonymous class&gt;.&lt;anonymous method&gt;(file:///var/folders/c5/5yq5j_tn18g953g1fv52d1nw0000gp/T/anonymous1069246476876541869webdriver-profile/extensions/fxdriver@googlecode.com/components/httpd.js:1616)
	at &lt;anonymous class&gt;.&lt;anonymous method&gt;(file:///var/folders/c5/5yq5j_tn18g953g1fv52d1nw0000gp/T/anonymous1069246476876541869webdriver-profile/extensions/fxdriver@googlecode.com/components/httpd.js:1464)
	at &lt;anonymous class&gt;.&lt;anonymous method&gt;(file:///var/folders/c5/5yq5j_tn18g953g1fv52d1nw0000gp/T/anonymous1069246476876541869webdriver-profile/extensions/fxdriver@googlecode.com/components/httpd.js:1333)
</pre></div></td>
<td>0</td>
<td>null</td></tr>
</table><p>
<table width='100%' border='1' class='invocation-skipped'>
<tr><td colspan='4' align='center'><b>SKIPPED CONFIGURATIONS</b></td></tr>
<tr><td><b>Test method</b></td>
<td width="30%"><b>Exception</b></td>
<td width="10%"><b>Time (seconds)</b></td>
<td><b>Instance</b></td>
</tr>
<tr>
<td title='com.project.automated.framework.sparqlquery.Testcase001SparqlQueryTest.AfterTest()'><b>AfterTest</b><br>Test class: com.project.automated.framework.sparqlquery.Testcase001SparqlQueryTest</td>
<td></td>
<td>0</td>
<td>null</td></tr>
</table><p>
<table width='100%' border='1' class='invocation-skipped'>
<tr><td colspan='4' align='center'><b>SKIPPED TESTS</b></td></tr>
<tr><td><b>Test method</b></td>
<td width="30%"><b>Exception</b></td>
<td width="10%"><b>Time (seconds)</b></td>
<td><b>Instance</b></td>
</tr>
<tr>
<td title='com.project.automated.framework.sparqlquery.Testcase001SparqlQueryTest.Test()'><b>Test</b><br>Test class: com.project.automated.framework.sparqlquery.Testcase001SparqlQueryTest</td>
<td></td>
<td>0</td>
<td>com.project.automated.framework.sparqlquery.Testcase001SparqlQueryTest@6a5f6303</td></tr>
</table><p>
</body>
</html>