<?xml version="1.0" encoding="UTF-8"?>
<!-- Generated by org.testng.reporters.JUnitReportReporter -->
<testsuite hostname="administrators-MacBook-Pro.local" name="com.project.automated.framework.sparqlquery.Testcase052SparqlQueryTest" tests="1" failures="1" timestamp="4 Apr 2013 19:24:51 GMT" time="76.577" errors="0">
  <testcase name="Test" time="76.577" classname="com.project.automated.framework.sparqlquery.Testcase052SparqlQueryTest">
    <failure type="org.openqa.selenium.NoSuchElementException" message="Unable to locate element: {&quot;method&quot;:&quot;xpath&quot;,&quot;selector&quot;:&quot;/html/body/div/div[3]/div[2]/div[9]/div[2]/form/div/div/table/tbody/tr/td/label/input&quot;}
Command duration or timeout: 10 milliseconds
For documentation on this error, please visit: http://seleniumhq.org/exceptions/no_such_element.html
Build info: version: &#039;2.26.0&#039;, revision: &#039;18040&#039;, time: &#039;2012-11-02 09:44:45&#039;
System info: os.name: &#039;Mac OS X&#039;, os.arch: &#039;x86_64&#039;, os.version: &#039;10.7.5&#039;, java.version: &#039;1.6.0_35&#039;
Driver info: driver.version: RemoteWebDriver
Session ID: d67fb802-5417-2442-9235-8f59d8e38914">
      <![CDATA[org.openqa.selenium.NoSuchElementException: Unable to locate element: {"method":"xpath","selector":"/html/body/div/div[3]/div[2]/div[9]/div[2]/form/div/div/table/tbody/tr/td/label/input"}
Command duration or timeout: 10 milliseconds
For documentation on this error, please visit: http://seleniumhq.org/exceptions/no_such_element.html
Build info: version: '2.26.0', revision: '18040', time: '2012-11-02 09:44:45'
System info: os.name: 'Mac OS X', os.arch: 'x86_64', os.version: '10.7.5', java.version: '1.6.0_35'
Driver info: driver.version: RemoteWebDriver
Session ID: d67fb802-5417-2442-9235-8f59d8e38914
	at sun.reflect.NativeConstructorAccessorImpl.newInstance0(Native Method)
	at sun.reflect.NativeConstructorAccessorImpl.newInstance(NativeConstructorAccessorImpl.java:39)
	at sun.reflect.DelegatingConstructorAccessorImpl.newInstance(DelegatingConstructorAccessorImpl.java:27)
	at java.lang.reflect.Constructor.newInstance(Constructor.java:513)
	at org.openqa.selenium.remote.ErrorHandler.createThrowable(ErrorHandler.java:188)
	at org.openqa.selenium.remote.ErrorHandler.throwIfResponseFailed(ErrorHandler.java:145)
	at org.openqa.selenium.remote.RemoteWebDriver.execute(RemoteWebDriver.java:531)
	at org.openqa.selenium.remote.RemoteWebDriver.findElement(RemoteWebDriver.java:301)
	at org.openqa.selenium.remote.RemoteWebDriver.findElementByXPath(RemoteWebDriver.java:386)
	at org.openqa.selenium.By$ByXPath.findElement(By.java:343)
	at org.openqa.selenium.remote.RemoteWebDriver.findElement(RemoteWebDriver.java:293)
	at com.project.automated.framework.libraries.MethodsLibrary.objectCheckboxNewDatabase_check(MethodsLibrary.java:702)
	at com.project.automated.framework.sparqlquery.Testcase052SparqlQueryTest.Test(Testcase052SparqlQueryTest.java:68)
	at sun.reflect.NativeMethodAccessorImpl.invoke0(Native Method)
	at sun.reflect.NativeMethodAccessorImpl.invoke(NativeMethodAccessorImpl.java:39)
	at sun.reflect.DelegatingMethodAccessorImpl.invoke(DelegatingMethodAccessorImpl.java:25)
	at java.lang.reflect.Method.invoke(Method.java:597)
	at org.testng.internal.MethodInvocationHelper.invokeMethod(MethodInvocationHelper.java:80)
	at org.testng.internal.Invoker.invokeMethod(Invoker.java:714)
	at org.testng.internal.Invoker.invokeTestMethod(Invoker.java:901)
	at org.testng.internal.Invoker.invokeTestMethods(Invoker.java:1231)
	at org.testng.internal.TestMethodWorker.invokeTestMethods(TestMethodWorker.java:128)
	at org.testng.internal.TestMethodWorker.run(TestMethodWorker.java:111)
	at org.testng.TestRunner.privateRun(TestRunner.java:767)
	at org.testng.TestRunner.run(TestRunner.java:617)
	at org.testng.SuiteRunner.runTest(SuiteRunner.java:334)
	at org.testng.SuiteRunner.runSequentially(SuiteRunner.java:329)
	at org.testng.SuiteRunner.privateRun(SuiteRunner.java:291)
	at org.testng.SuiteRunner.run(SuiteRunner.java:240)
	at org.testng.SuiteRunnerWorker.runSuite(SuiteRunnerWorker.java:52)
	at org.testng.SuiteRunnerWorker.run(SuiteRunnerWorker.java:86)
	at org.testng.TestNG.runSuitesSequentially(TestNG.java:1203)
	at org.testng.TestNG.runSuitesLocally(TestNG.java:1128)
	at org.testng.TestNG.run(TestNG.java:1036)
	at org.testng.remote.RemoteTestNG.run(RemoteTestNG.java:111)
	at org.testng.remote.RemoteTestNG.initAndRun(RemoteTestNG.java:204)
	at org.testng.remote.RemoteTestNG.main(RemoteTestNG.java:175)
Caused by: org.openqa.selenium.remote.ErrorHandler$UnknownServerException: Unable to locate element: {"method":"xpath","selector":"/html/body/div/div[3]/div[2]/div[9]/div[2]/form/div/div/table/tbody/tr/td/label/input"}
Build info: version: '2.26.0', revision: '18040', time: '2012-11-02 09:44:45'
System info: os.name: 'Mac OS X', os.arch: 'x86_64', os.version: '10.7.5', java.version: '1.6.0_35'
Driver info: driver.version: unknown
	at <anonymous class>.<anonymous method>(file:///var/folders/c5/5yq5j_tn18g953g1fv52d1nw0000gp/T/anonymous50443767337425026webdriver-profile/extensions/fxdriver@googlecode.com/components/driver_component.js:8319)
	at <anonymous class>.<anonymous method>(file:///var/folders/c5/5yq5j_tn18g953g1fv52d1nw0000gp/T/anonymous50443767337425026webdriver-profile/extensions/fxdriver@googlecode.com/components/driver_component.js:8328)
	at <anonymous class>.<anonymous method>(file:///var/folders/c5/5yq5j_tn18g953g1fv52d1nw0000gp/T/anonymous50443767337425026webdriver-profile/extensions/fxdriver@googlecode.com/components/command_processor.js:10337)
	at <anonymous class>.<anonymous method>(file:///var/folders/c5/5yq5j_tn18g953g1fv52d1nw0000gp/T/anonymous50443767337425026webdriver-profile/extensions/fxdriver@googlecode.com/components/command_processor.js:10342)
	at <anonymous class>.<anonymous method>(file:///var/folders/c5/5yq5j_tn18g953g1fv52d1nw0000gp/T/anonymous50443767337425026webdriver-profile/extensions/fxdriver@googlecode.com/components/command_processor.js:10282)
]]>
    </failure>
  </testcase> <!-- Test -->
</testsuite> <!-- com.project.automated.framework.sparqlquery.Testcase052SparqlQueryTest -->
