<?xml version="1.0" encoding="UTF-8"?>
<!-- Generated by org.testng.reporters.JUnitReportReporter -->
<testsuite hostname="administrators-MacBook-Pro.local" name="com.yarcdata.tests.automated.launchloginquit.TestcaseLaunchLoginUrikaTest" tests="1" failures="1" timestamp="11 Feb 2013 04:54:08 GMT" time="20.440" errors="0">
  <testcase name="Test" time="20.440" classname="com.yarcdata.tests.automated.launchloginquit.TestcaseLaunchLoginUrikaTest">
    <failure type="org.openqa.selenium.NoSuchElementException" message="Unable to locate element: {&quot;method&quot;:&quot;id&quot;,&quot;selector&quot;:&quot;username&quot;}
Command duration or timeout: 17 milliseconds
For documentation on this error, please visit: http://seleniumhq.org/exceptions/no_such_element.html
Build info: version: &#039;dfb1306b85be4934d23c123122e06e602a15e446&#039;, revision: &#039;unknown&#039;, time: &#039;2013-01-17 15:05:54&#039;
System info: os.name: &#039;Mac OS X&#039;, os.arch: &#039;x86_64&#039;, os.version: &#039;10.7.5&#039;, java.version: &#039;1.6.0_35&#039;
Session ID: f3055097-13f5-8948-a888-276d1acce73f
Driver info: org.openqa.selenium.firefox.FirefoxDriver
Capabilities [{platform=MAC, acceptSslCerts=true, javascriptEnabled=true, browserName=firefox, rotatable=false, locationContextEnabled=true, version=18.0.2, cssSelectorsEnabled=true, databaseEnabled=true, handlesAlerts=true, browserConnectionEnabled=true, nativeEvents=false, webStorageEnabled=true, applicationCacheEnabled=true, takesScreenshot=true}]">
      <![CDATA[org.openqa.selenium.NoSuchElementException: Unable to locate element: {"method":"id","selector":"username"}
Command duration or timeout: 17 milliseconds
For documentation on this error, please visit: http://seleniumhq.org/exceptions/no_such_element.html
Build info: version: 'dfb1306b85be4934d23c123122e06e602a15e446', revision: 'unknown', time: '2013-01-17 15:05:54'
System info: os.name: 'Mac OS X', os.arch: 'x86_64', os.version: '10.7.5', java.version: '1.6.0_35'
Session ID: f3055097-13f5-8948-a888-276d1acce73f
Driver info: org.openqa.selenium.firefox.FirefoxDriver
Capabilities [{platform=MAC, acceptSslCerts=true, javascriptEnabled=true, browserName=firefox, rotatable=false, locationContextEnabled=true, version=18.0.2, cssSelectorsEnabled=true, databaseEnabled=true, handlesAlerts=true, browserConnectionEnabled=true, nativeEvents=false, webStorageEnabled=true, applicationCacheEnabled=true, takesScreenshot=true}]
	at sun.reflect.NativeConstructorAccessorImpl.newInstance0(Native Method)
	at sun.reflect.NativeConstructorAccessorImpl.newInstance(NativeConstructorAccessorImpl.java:39)
	at sun.reflect.DelegatingConstructorAccessorImpl.newInstance(DelegatingConstructorAccessorImpl.java:27)
	at java.lang.reflect.Constructor.newInstance(Constructor.java:513)
	at org.openqa.selenium.remote.ErrorHandler.createThrowable(ErrorHandler.java:187)
	at org.openqa.selenium.remote.ErrorHandler.throwIfResponseFailed(ErrorHandler.java:145)
	at org.openqa.selenium.remote.RemoteWebDriver.execute(RemoteWebDriver.java:533)
	at org.openqa.selenium.remote.RemoteWebDriver.findElement(RemoteWebDriver.java:302)
	at org.openqa.selenium.remote.RemoteWebDriver.findElementById(RemoteWebDriver.java:331)
	at org.openqa.selenium.By$ById.findElement(By.java:216)
	at org.openqa.selenium.remote.RemoteWebDriver.findElement(RemoteWebDriver.java:294)
	at org.openqa.selenium.support.pagefactory.DefaultElementLocator.findElement(DefaultElementLocator.java:59)
	at org.openqa.selenium.support.pagefactory.internal.LocatingElementHandler.invoke(LocatingElementHandler.java:34)
	at $Proxy5.sendKeys(Unknown Source)
	at com.yarcdata.tests.automated.libraries.ObjectsLibrary.TextField_Username_EnterData(ObjectsLibrary.java:37)
	at com.yarcdata.tests.automated.libraries.MethodsLibrary.methodLoginUrika(MethodsLibrary.java:166)
	at com.yarcdata.tests.automated.launchloginquit.TestcaseLaunchLoginUrikaTest.Test(TestcaseLaunchLoginUrikaTest.java:33)
	at sun.reflect.NativeMethodAccessorImpl.invoke0(Native Method)
	at sun.reflect.NativeMethodAccessorImpl.invoke(NativeMethodAccessorImpl.java:39)
	at sun.reflect.DelegatingMethodAccessorImpl.invoke(DelegatingMethodAccessorImpl.java:25)
	at java.lang.reflect.Method.invoke(Method.java:597)
	at org.testng.internal.MethodInvocationHelper.invokeMethod(MethodInvocationHelper.java:80)
	at org.testng.internal.Invoker.invokeMethod(Invoker.java:714)
	at org.testng.internal.Invoker.invokeTestMethod(Invoker.java:901)
	at org.testng.internal.Invoker.invokeTestMethods(Invoker.java:1231)
	at org.testng.internal.TestMethodWorker.invokeTestMethods(TestMethodWorker.java:128)
	at org.testng.internal.TestMethodWorker.run(TestMethodWorker.java:111)
	at org.testng.TestRunner.privateRun(TestRunner.java:767)
	at org.testng.TestRunner.run(TestRunner.java:617)
	at org.testng.SuiteRunner.runTest(SuiteRunner.java:334)
	at org.testng.SuiteRunner.runSequentially(SuiteRunner.java:329)
	at org.testng.SuiteRunner.privateRun(SuiteRunner.java:291)
	at org.testng.SuiteRunner.run(SuiteRunner.java:240)
	at org.testng.SuiteRunnerWorker.runSuite(SuiteRunnerWorker.java:52)
	at org.testng.SuiteRunnerWorker.run(SuiteRunnerWorker.java:86)
	at org.testng.TestNG.runSuitesSequentially(TestNG.java:1203)
	at org.testng.TestNG.runSuitesLocally(TestNG.java:1128)
	at org.testng.TestNG.run(TestNG.java:1036)
	at org.testng.remote.RemoteTestNG.run(RemoteTestNG.java:111)
	at org.testng.remote.RemoteTestNG.initAndRun(RemoteTestNG.java:204)
	at org.testng.remote.RemoteTestNG.main(RemoteTestNG.java:175)
Caused by: org.openqa.selenium.remote.ErrorHandler$UnknownServerException: Unable to locate element: {"method":"id","selector":"username"}
Build info: version: 'dfb1306b85be4934d23c123122e06e602a15e446', revision: 'unknown', time: '2013-01-17 15:05:54'
System info: os.name: 'Mac OS X', os.arch: 'x86_64', os.version: '10.7.5', java.version: '1.6.0_35'
Driver info: driver.version: unknown
	at <anonymous class>.FirefoxDriver.prototype.findElementInternal_(file:///var/folders/c5/5yq5j_tn18g953g1fv52d1nw0000gp/T/anonymous392680350886300850webdriver-profile/extensions/fxdriver@googlecode.com/components/driver_component.js:8251)
	at <anonymous class>.FirefoxDriver.prototype.findElement(file:///var/folders/c5/5yq5j_tn18g953g1fv52d1nw0000gp/T/anonymous392680350886300850webdriver-profile/extensions/fxdriver@googlecode.com/components/driver_component.js:8260)
	at <anonymous class>.DelayedCommand.prototype.executeInternal_/h(file:///var/folders/c5/5yq5j_tn18g953g1fv52d1nw0000gp/T/anonymous392680350886300850webdriver-profile/extensions/fxdriver@googlecode.com/components/command_processor.js:10224)
	at <anonymous class>.DelayedCommand.prototype.executeInternal_(file:///var/folders/c5/5yq5j_tn18g953g1fv52d1nw0000gp/T/anonymous392680350886300850webdriver-profile/extensions/fxdriver@googlecode.com/components/command_processor.js:10229)
	at <anonymous class>.DelayedCommand.prototype.execute/<(file:///var/folders/c5/5yq5j_tn18g953g1fv52d1nw0000gp/T/anonymous392680350886300850webdriver-profile/extensions/fxdriver@googlecode.com/components/command_processor.js:10169)
]]>
    </failure>
  </testcase> <!-- Test -->
</testsuite> <!-- com.yarcdata.tests.automated.launchloginquit.TestcaseLaunchLoginUrikaTest -->
