<!DOCTYPE html PUBLIC "-//W3C//DTD XHTML 1.1//EN" "http://www.w3.org/TR/xhtml11/DTD/xhtml11.dtd">
<html xmlns="http://www.w3.org/1999/xhtml"><head><title>TestNG Report</title><style type="text/css">table {margin-bottom:10px;border-collapse:collapse;empty-cells:show}th,td {border:1px solid #009;padding:.25em .5em}th {vertical-align:bottom}td {vertical-align:top}table a {font-weight:bold}.stripe td {background-color: #E6EBF9}.num {text-align:right}.passedodd td {background-color: #3F3}.passedeven td {background-color: #0A0}.skippedodd td {background-color: #DDD}.skippedeven td {background-color: #CCC}.failedodd td,.attn {background-color: #F33}.failedeven td,.stripe .attn {background-color: #D00}.stacktrace {white-space:pre;font-family:monospace}.totop {font-size:85%;text-align:center;border-bottom:2px solid #000}</style></head><body><table><tr><th>Test</th><th># Passed</th><th># Skipped</th><th># Failed</th><th>Time (ms)</th><th>Included Groups</th><th>Excluded Groups</th></tr><tr><th colspan="7">Default suite</th></tr><tr><td><a href="#t0">Default test</a></td><td class="num">0</td><td class="num attn">1</td><td class="num">0</td><td class="num">36,782</td><td></td><td></td></tr></table><table><thead><tr><th>Class</th><th>Method</th><th>Start</th><th>Time (ms)</th></tr></thead><tbody><tr><th colspan="4">Default suite</th></tr></tbody><tbody id="t0"><tr><th colspan="4">Default test &#8212; failed (configuration methods)</th></tr><tr class="failedeven"><td rowspan="1">com.project.automated.framework.sparqlquery.Testcase001SparqlQueryTest</td><td><a href="#m0">BeforeTest</a></td><td rowspan="1">1366500341132</td><td rowspan="1">0</td></tr><tr><th colspan="4">Default test &#8212; skipped (configuration methods)</th></tr><tr class="skippedeven"><td rowspan="1">com.project.automated.framework.sparqlquery.Testcase001SparqlQueryTest</td><td><a href="#m1">AfterTest</a></td><td rowspan="1">1366500377912</td><td rowspan="1">0</td></tr><tr><th colspan="4">Default test &#8212; skipped</th></tr><tr class="skippedeven"><td rowspan="1">com.project.automated.framework.sparqlquery.Testcase001SparqlQueryTest</td><td><a href="#m2">Test</a></td><td rowspan="1">1366500377911</td><td rowspan="1">0</td></tr></tbody></table><h2>Default test</h2><h3 id="m0">com.project.automated.framework.sparqlquery.Testcase001SparqlQueryTest#BeforeTest</h3><table class="result"><tr><th>Exception</th></tr><tr><td><div class="stacktrace">org.openqa.selenium.NoSuchWindowException: Window not found. The browser window may have been closed.
Command duration or timeout: 14 milliseconds
Build info: version: &apos;2.26.0&apos;, revision: &apos;18040&apos;, time: &apos;2012-11-02 09:44:45&apos;
System info: os.name: &apos;Mac OS X&apos;, os.arch: &apos;x86_64&apos;, os.version: &apos;10.7.5&apos;, java.version: &apos;1.6.0_35&apos;
Driver info: driver.version: RemoteWebDriver
Session ID: a7451f5c-bcf8-4a40-aa5d-f57df8f420e2
	at sun.reflect.NativeConstructorAccessorImpl.newInstance0(Native Method)
	at sun.reflect.NativeConstructorAccessorImpl.newInstance(NativeConstructorAccessorImpl.java:39)
	at sun.reflect.DelegatingConstructorAccessorImpl.newInstance(DelegatingConstructorAccessorImpl.java:27)
	at java.lang.reflect.Constructor.newInstance(Constructor.java:513)
	at org.openqa.selenium.remote.ErrorHandler.createThrowable(ErrorHandler.java:188)
	at org.openqa.selenium.remote.ErrorHandler.throwIfResponseFailed(ErrorHandler.java:145)
	at org.openqa.selenium.remote.RemoteWebDriver.execute(RemoteWebDriver.java:531)
	at org.openqa.selenium.remote.RemoteWebDriver.execute(RemoteWebDriver.java:535)
	at org.openqa.selenium.remote.RemoteWebDriver.getTitle(RemoteWebDriver.java:279)
	at com.project.automated.framework.libraries.MethodsLibrary.methodVerifyLoginWebApp(MethodsLibrary.java:335)
	at com.project.automated.framework.superclasses.SuperclassLaunchLoginBuildDatabase.BeforeTest(SuperclassLaunchLoginBuildDatabase.java:74)
	at sun.reflect.NativeMethodAccessorImpl.invoke0(Native Method)
	at sun.reflect.NativeMethodAccessorImpl.invoke(NativeMethodAccessorImpl.java:39)
	at sun.reflect.DelegatingMethodAccessorImpl.invoke(DelegatingMethodAccessorImpl.java:25)
	at java.lang.reflect.Method.invoke(Method.java:597)
	at org.testng.internal.MethodInvocationHelper.invokeMethod(MethodInvocationHelper.java:80)
	at org.testng.internal.Invoker.invokeConfigurationMethod(Invoker.java:564)
	at org.testng.internal.Invoker.invokeConfigurations(Invoker.java:213)
	at org.testng.internal.Invoker.invokeConfigurations(Invoker.java:138)
	at org.testng.TestRunner.beforeRun(TestRunner.java:641)
	at org.testng.TestRunner.run(TestRunner.java:609)
	at org.testng.SuiteRunner.runTest(SuiteRunner.java:334)
	at org.testng.SuiteRunner.runSequentially(SuiteRunner.java:329)
	at org.testng.SuiteRunner.privateRun(SuiteRunner.java:291)
	at org.testng.SuiteRunner.run(SuiteRunner.java:240)
	at org.testng.SuiteRunnerWorker.runSuite(SuiteRunnerWorker.java:52)
	at org.testng.SuiteRunnerWorker.run(SuiteRunnerWorker.java:86)
	at org.testng.TestNG.runSuitesSequentially(TestNG.java:1203)
	at org.testng.TestNG.runSuitesLocally(TestNG.java:1128)
	at org.testng.TestNG.run(TestNG.java:1036)
	at org.testng.remote.RemoteTestNG.run(RemoteTestNG.java:111)
	at org.testng.remote.RemoteTestNG.initAndRun(RemoteTestNG.java:204)
	at org.testng.remote.RemoteTestNG.main(RemoteTestNG.java:175)
Caused by: org.openqa.selenium.remote.ErrorHandler$UnknownServerException: Window not found. The browser window may have been closed.
Build info: version: &apos;2.26.0&apos;, revision: &apos;18040&apos;, time: &apos;2012-11-02 09:44:45&apos;
System info: os.name: &apos;Mac OS X&apos;, os.arch: &apos;x86_64&apos;, os.version: &apos;10.7.5&apos;, java.version: &apos;1.6.0_35&apos;
Driver info: driver.version: unknown
	at &lt;anonymous class&gt;.&lt;anonymous method&gt;(file:///var/folders/c5/5yq5j_tn18g953g1fv52d1nw0000gp/T/anonymous1069246476876541869webdriver-profile/extensions/fxdriver@googlecode.com/components/command_processor.js:10407)
	at &lt;anonymous class&gt;.&lt;anonymous method&gt;(file:///var/folders/c5/5yq5j_tn18g953g1fv52d1nw0000gp/T/anonymous1069246476876541869webdriver-profile/extensions/fxdriver@googlecode.com/components/driver_component.js:7404)
	at &lt;anonymous class&gt;.&lt;anonymous method&gt;(file:///var/folders/c5/5yq5j_tn18g953g1fv52d1nw0000gp/T/anonymous1069246476876541869webdriver-profile/extensions/fxdriver@googlecode.com/components/driver_component.js:7564)
	at &lt;anonymous class&gt;.&lt;anonymous method&gt;(file:///var/folders/c5/5yq5j_tn18g953g1fv52d1nw0000gp/T/anonymous1069246476876541869webdriver-profile/extensions/fxdriver@googlecode.com/components/driver_component.js:7511)
	at &lt;anonymous class&gt;.&lt;anonymous method&gt;(file:///var/folders/c5/5yq5j_tn18g953g1fv52d1nw0000gp/T/anonymous1069246476876541869webdriver-profile/extensions/fxdriver@googlecode.com/components/driver_component.js:10233)
	at &lt;anonymous class&gt;.&lt;anonymous method&gt;(file:///var/folders/c5/5yq5j_tn18g953g1fv52d1nw0000gp/T/anonymous1069246476876541869webdriver-profile/extensions/fxdriver@googlecode.com/components/httpd.js:1935)
	at &lt;anonymous class&gt;.&lt;anonymous method&gt;(file:///var/folders/c5/5yq5j_tn18g953g1fv52d1nw0000gp/T/anonymous1069246476876541869webdriver-profile/extensions/fxdriver@googlecode.com/components/httpd.js:2261)
	at &lt;anonymous class&gt;.&lt;anonymous method&gt;(file:///var/folders/c5/5yq5j_tn18g953g1fv52d1nw0000gp/T/anonymous1069246476876541869webdriver-profile/extensions/fxdriver@googlecode.com/components/httpd.js:1168)
	at &lt;anonymous class&gt;.&lt;anonymous method&gt;(file:///var/folders/c5/5yq5j_tn18g953g1fv52d1nw0000gp/T/anonymous1069246476876541869webdriver-profile/extensions/fxdriver@googlecode.com/components/httpd.js:1616)
	at &lt;anonymous class&gt;.&lt;anonymous method&gt;(file:///var/folders/c5/5yq5j_tn18g953g1fv52d1nw0000gp/T/anonymous1069246476876541869webdriver-profile/extensions/fxdriver@googlecode.com/components/httpd.js:1464)
	at &lt;anonymous class&gt;.&lt;anonymous method&gt;(file:///var/folders/c5/5yq5j_tn18g953g1fv52d1nw0000gp/T/anonymous1069246476876541869webdriver-profile/extensions/fxdriver@googlecode.com/components/httpd.js:1333)
</div></td></tr></table><p class="totop"><a href="#summary">back to summary</a></p><h3 id="m1">com.project.automated.framework.sparqlquery.Testcase001SparqlQueryTest#AfterTest</h3><table class="result"></table><p class="totop"><a href="#summary">back to summary</a></p><h3 id="m2">com.project.automated.framework.sparqlquery.Testcase001SparqlQueryTest#Test</h3><table class="result"></table><p class="totop"><a href="#summary">back to summary</a></p></body></html>