<?xml version="1.0" encoding="UTF-8"?>
<testng-results skipped="1" failed="0" total="1" passed="0">
  <reporter-output>
  </reporter-output>
  <suite name="Default suite" duration-ms="36782" started-at="2013-04-20T23:25:41Z" finished-at="2013-04-20T23:26:17Z">
    <groups>
      <group name="SPARQLQuery">
        <method signature="Testcase001SparqlQueryTest.Test()[pri:0, instance:com.project.automated.framework.sparqlquery.Testcase001SparqlQueryTest@6a5f6303]" name="Test" class="com.project.automated.framework.sparqlquery.Testcase001SparqlQueryTest"/>
      </group> <!-- SPARQLQuery -->
    </groups>
    <test name="Default test" duration-ms="36782" started-at="2013-04-20T23:25:41Z" finished-at="2013-04-20T23:26:17Z">
      <class name="com.project.automated.framework.sparqlquery.Testcase001SparqlQueryTest">
        <test-method status="FAIL" signature="BeforeTest()[pri:0, instance:com.project.automated.framework.sparqlquery.Testcase001SparqlQueryTest@6a5f6303]" name="BeforeTest" is-config="true" duration-ms="0" started-at="2013-04-20T16:25:41Z" finished-at="2013-04-20T16:25:41Z">
          <exception class="org.openqa.selenium.NoSuchWindowException">
            <message>
              <![CDATA[Window not found. The browser window may have been closed.
Command duration or timeout: 14 milliseconds
Build info: version: '2.26.0', revision: '18040', time: '2012-11-02 09:44:45'
System info: os.name: 'Mac OS X', os.arch: 'x86_64', os.version: '10.7.5', java.version: '1.6.0_35'
Driver info: driver.version: RemoteWebDriver
Session ID: a7451f5c-bcf8-4a40-aa5d-f57df8f420e2]]>
            </message>
            <full-stacktrace>
              <![CDATA[org.openqa.selenium.NoSuchWindowException: Window not found. The browser window may have been closed.
Command duration or timeout: 14 milliseconds
Build info: version: '2.26.0', revision: '18040', time: '2012-11-02 09:44:45'
System info: os.name: 'Mac OS X', os.arch: 'x86_64', os.version: '10.7.5', java.version: '1.6.0_35'
Driver info: driver.version: RemoteWebDriver
Session ID: a7451f5c-bcf8-4a40-aa5d-f57df8f420e2
	at sun.reflect.NativeConstructorAccessorImpl.newInstance0(Native Method)
	at sun.reflect.NativeConstructorAccessorImpl.newInstance(NativeConstructorAccessorImpl.java:39)
	at sun.reflect.DelegatingConstructorAccessorImpl.newInstance(DelegatingConstructorAccessorImpl.java:27)
	at java.lang.reflect.Constructor.newInstance(Constructor.java:513)
	at org.openqa.selenium.remote.ErrorHandler.createThrowable(ErrorHandler.java:188)
	at org.openqa.selenium.remote.ErrorHandler.throwIfResponseFailed(ErrorHandler.java:145)
	at org.openqa.selenium.remote.RemoteWebDriver.execute(RemoteWebDriver.java:531)
	at org.openqa.selenium.remote.RemoteWebDriver.execute(RemoteWebDriver.java:535)
	at org.openqa.selenium.remote.RemoteWebDriver.getTitle(RemoteWebDriver.java:279)
	at com.project.automated.framework.libraries.MethodsLibrary.methodVerifyLoginWebApp(MethodsLibrary.java:335)
	at com.project.automated.framework.superclasses.SuperclassLaunchLoginBuildDatabase.BeforeTest(SuperclassLaunchLoginBuildDatabase.java:74)
	at sun.reflect.NativeMethodAccessorImpl.invoke0(Native Method)
	at sun.reflect.NativeMethodAccessorImpl.invoke(NativeMethodAccessorImpl.java:39)
	at sun.reflect.DelegatingMethodAccessorImpl.invoke(DelegatingMethodAccessorImpl.java:25)
	at java.lang.reflect.Method.invoke(Method.java:597)
	at org.testng.internal.MethodInvocationHelper.invokeMethod(MethodInvocationHelper.java:80)
	at org.testng.internal.Invoker.invokeConfigurationMethod(Invoker.java:564)
	at org.testng.internal.Invoker.invokeConfigurations(Invoker.java:213)
	at org.testng.internal.Invoker.invokeConfigurations(Invoker.java:138)
	at org.testng.TestRunner.beforeRun(TestRunner.java:641)
	at org.testng.TestRunner.run(TestRunner.java:609)
	at org.testng.SuiteRunner.runTest(SuiteRunner.java:334)
	at org.testng.SuiteRunner.runSequentially(SuiteRunner.java:329)
	at org.testng.SuiteRunner.privateRun(SuiteRunner.java:291)
	at org.testng.SuiteRunner.run(SuiteRunner.java:240)
	at org.testng.SuiteRunnerWorker.runSuite(SuiteRunnerWorker.java:52)
	at org.testng.SuiteRunnerWorker.run(SuiteRunnerWorker.java:86)
	at org.testng.TestNG.runSuitesSequentially(TestNG.java:1203)
	at org.testng.TestNG.runSuitesLocally(TestNG.java:1128)
	at org.testng.TestNG.run(TestNG.java:1036)
	at org.testng.remote.RemoteTestNG.run(RemoteTestNG.java:111)
	at org.testng.remote.RemoteTestNG.initAndRun(RemoteTestNG.java:204)
	at org.testng.remote.RemoteTestNG.main(RemoteTestNG.java:175)
Caused by: org.openqa.selenium.remote.ErrorHandler$UnknownServerException: Window not found. The browser window may have been closed.
Build info: version: '2.26.0', revision: '18040', time: '2012-11-02 09:44:45'
System info: os.name: 'Mac OS X', os.arch: 'x86_64', os.version: '10.7.5', java.version: '1.6.0_35'
Driver info: driver.version: unknown
	at <anonymous class>.<anonymous method>(file:///var/folders/c5/5yq5j_tn18g953g1fv52d1nw0000gp/T/anonymous1069246476876541869webdriver-profile/extensions/fxdriver@googlecode.com/components/command_processor.js:10407)
	at <anonymous class>.<anonymous method>(file:///var/folders/c5/5yq5j_tn18g953g1fv52d1nw0000gp/T/anonymous1069246476876541869webdriver-profile/extensions/fxdriver@googlecode.com/components/driver_component.js:7404)
	at <anonymous class>.<anonymous method>(file:///var/folders/c5/5yq5j_tn18g953g1fv52d1nw0000gp/T/anonymous1069246476876541869webdriver-profile/extensions/fxdriver@googlecode.com/components/driver_component.js:7564)
	at <anonymous class>.<anonymous method>(file:///var/folders/c5/5yq5j_tn18g953g1fv52d1nw0000gp/T/anonymous1069246476876541869webdriver-profile/extensions/fxdriver@googlecode.com/components/driver_component.js:7511)
	at <anonymous class>.<anonymous method>(file:///var/folders/c5/5yq5j_tn18g953g1fv52d1nw0000gp/T/anonymous1069246476876541869webdriver-profile/extensions/fxdriver@googlecode.com/components/driver_component.js:10233)
	at <anonymous class>.<anonymous method>(file:///var/folders/c5/5yq5j_tn18g953g1fv52d1nw0000gp/T/anonymous1069246476876541869webdriver-profile/extensions/fxdriver@googlecode.com/components/httpd.js:1935)
	at <anonymous class>.<anonymous method>(file:///var/folders/c5/5yq5j_tn18g953g1fv52d1nw0000gp/T/anonymous1069246476876541869webdriver-profile/extensions/fxdriver@googlecode.com/components/httpd.js:2261)
	at <anonymous class>.<anonymous method>(file:///var/folders/c5/5yq5j_tn18g953g1fv52d1nw0000gp/T/anonymous1069246476876541869webdriver-profile/extensions/fxdriver@googlecode.com/components/httpd.js:1168)
	at <anonymous class>.<anonymous method>(file:///var/folders/c5/5yq5j_tn18g953g1fv52d1nw0000gp/T/anonymous1069246476876541869webdriver-profile/extensions/fxdriver@googlecode.com/components/httpd.js:1616)
	at <anonymous class>.<anonymous method>(file:///var/folders/c5/5yq5j_tn18g953g1fv52d1nw0000gp/T/anonymous1069246476876541869webdriver-profile/extensions/fxdriver@googlecode.com/components/httpd.js:1464)
	at <anonymous class>.<anonymous method>(file:///var/folders/c5/5yq5j_tn18g953g1fv52d1nw0000gp/T/anonymous1069246476876541869webdriver-profile/extensions/fxdriver@googlecode.com/components/httpd.js:1333)
]]>
            </full-stacktrace>
          </exception> <!-- org.openqa.selenium.NoSuchWindowException -->
          <reporter-output>
          </reporter-output>
        </test-method> <!-- BeforeTest -->
        <test-method status="SKIP" signature="Test()[pri:0, instance:com.project.automated.framework.sparqlquery.Testcase001SparqlQueryTest@6a5f6303]" name="Test" duration-ms="0" started-at="2013-04-20T16:26:17Z" finished-at="2013-04-20T16:26:17Z">
          <reporter-output>
          </reporter-output>
        </test-method> <!-- Test -->
        <test-method status="SKIP" signature="AfterTest()[pri:0, instance:com.project.automated.framework.sparqlquery.Testcase001SparqlQueryTest@6a5f6303]" name="AfterTest" is-config="true" duration-ms="0" started-at="2013-04-20T16:26:17Z" finished-at="2013-04-20T16:26:17Z">
          <reporter-output>
          </reporter-output>
        </test-method> <!-- AfterTest -->
      </class> <!-- com.project.automated.framework.sparqlquery.Testcase001SparqlQueryTest -->
    </test> <!-- Default test -->
  </suite> <!-- Default suite -->
</testng-results>
